<?xml version="1.0" encoding="UTF-8"?>
<!-- Generated by org.testng.reporters.JUnitReportReporter -->
<testsuite skipped="0" hostname="DESKTOP-V62BBK2" name="stepDefinition.ABC" tests="1" failures="0" timestamp="2023-06-05T15:45:27 IST" time="0.021" errors="0">
  <testcase name="testProcedure" time="0.021" classname="stepDefinition.ABC"/>
  <system-out/>
</testsuite> <!-- stepDefinition.ABC -->
